<?xml version="1.0" encoding="UTF-8"?>
<!-- Generated by org.testng.reporters.JUnitXMLReporter -->
<testsuite ignored="0" hostname="TWD-17" failures="0" tests="5" name="Default test" time="6.352" errors="0" timestamp="2023-07-13T15:20:42 IST">
  <testcase classname="org.testing.Gittest" name="getUser" time="2.642"/>
  <testcase classname="org.testing.Gittest" name="getRepo" time="0.571"/>
  <testcase classname="org.testing.Gittest" name="createUser" time="1.287"/>
  <testcase classname="org.testing.Gittest" name="updateUser" time="0.658"/>
  <testcase classname="org.testing.Gittest" name="deleteUser" time="0.686"/>
</testsuite> <!-- Default test -->
