<?xml version="1.0" encoding="UTF-8"?>
<!-- Generated by org.testng.reporters.JUnitXMLReporter -->
<testsuite ignored="0" hostname="TWD-17" failures="0" tests="5" name="Default test" time="6.42" errors="0" timestamp="2023-07-19T11:56:28 IST">
  <testcase classname="org.testing.Gittest" name="getUser" time="2.739"/>
  <testcase classname="org.testing.Gittest" name="getRepo" time="0.657"/>
  <testcase classname="org.testing.Gittest" name="createUser" time="1.193"/>
  <testcase classname="org.testing.Gittest" name="updateUser" time="0.567"/>
  <testcase classname="org.testing.Gittest" name="deleteUser" time="0.749"/>
</testsuite> <!-- Default test -->
