<?xml version="1.0" encoding="UTF-8"?>
<testng-results ignored="0" total="5" passed="5" failed="0" skipped="0">
  <reporter-output>
  </reporter-output>
  <suite started-at="2023-07-19T11:56:22 IST" name="Default suite" finished-at="2023-07-19T11:56:28 IST" duration-ms="6420">
    <groups>
    </groups>
    <test started-at="2023-07-19T11:56:22 IST" name="Default test" finished-at="2023-07-19T11:56:28 IST" duration-ms="6420">
      <class name="org.testing.Gittest">
        <test-method is-config="true" signature="beforeMethod()[pri:0, instance:org.testing.Gittest@223aa2f7]" started-at="2023-07-19T11:56:22 IST" name="beforeMethod" finished-at="2023-07-19T11:56:22 IST" duration-ms="465" status="PASS">
          <reporter-output>
          </reporter-output>
        </test-method> <!-- beforeMethod -->
        <test-method signature="getUser()[pri:0, instance:org.testing.Gittest@223aa2f7]" started-at="2023-07-19T11:56:22 IST" name="getUser" finished-at="2023-07-19T11:56:25 IST" duration-ms="2739" status="PASS">
          <reporter-output>
          </reporter-output>
        </test-method> <!-- getUser -->
        <test-method is-config="true" signature="beforeMethod()[pri:0, instance:org.testing.Gittest@223aa2f7]" started-at="2023-07-19T11:56:25 IST" name="beforeMethod" finished-at="2023-07-19T11:56:25 IST" duration-ms="1" status="PASS">
          <reporter-output>
          </reporter-output>
        </test-method> <!-- beforeMethod -->
        <test-method signature="getRepo()[pri:1, instance:org.testing.Gittest@223aa2f7]" started-at="2023-07-19T11:56:25 IST" name="getRepo" finished-at="2023-07-19T11:56:25 IST" duration-ms="657" status="PASS">
          <reporter-output>
          </reporter-output>
        </test-method> <!-- getRepo -->
        <test-method is-config="true" signature="beforeMethod()[pri:0, instance:org.testing.Gittest@223aa2f7]" started-at="2023-07-19T11:56:25 IST" name="beforeMethod" finished-at="2023-07-19T11:56:25 IST" duration-ms="1" status="PASS">
          <reporter-output>
          </reporter-output>
        </test-method> <!-- beforeMethod -->
        <test-method signature="createUser()[pri:2, instance:org.testing.Gittest@223aa2f7]" started-at="2023-07-19T11:56:25 IST" name="createUser" finished-at="2023-07-19T11:56:27 IST" duration-ms="1193" status="PASS">
          <reporter-output>
          </reporter-output>
        </test-method> <!-- createUser -->
        <test-method signature="updateUser()[pri:3, instance:org.testing.Gittest@223aa2f7]" started-at="2023-07-19T11:56:27 IST" name="updateUser" finished-at="2023-07-19T11:56:27 IST" duration-ms="567" status="PASS">
          <reporter-output>
          </reporter-output>
        </test-method> <!-- updateUser -->
        <test-method is-config="true" signature="beforeMethod()[pri:0, instance:org.testing.Gittest@223aa2f7]" started-at="2023-07-19T11:56:27 IST" name="beforeMethod" finished-at="2023-07-19T11:56:27 IST" duration-ms="0" status="PASS">
          <reporter-output>
          </reporter-output>
        </test-method> <!-- beforeMethod -->
        <test-method is-config="true" signature="beforeMethod()[pri:0, instance:org.testing.Gittest@223aa2f7]" started-at="2023-07-19T11:56:27 IST" name="beforeMethod" finished-at="2023-07-19T11:56:27 IST" duration-ms="0" status="PASS">
          <reporter-output>
          </reporter-output>
        </test-method> <!-- beforeMethod -->
        <test-method signature="deleteUser()[pri:4, instance:org.testing.Gittest@223aa2f7]" started-at="2023-07-19T11:56:27 IST" name="deleteUser" finished-at="2023-07-19T11:56:28 IST" duration-ms="749" status="PASS">
          <reporter-output>
          </reporter-output>
        </test-method> <!-- deleteUser -->
      </class> <!-- org.testing.Gittest -->
    </test> <!-- Default test -->
  </suite> <!-- Default suite -->
</testng-results>
